<?xml version="1.0" encoding="UTF-8"?>
<coverage generated="1719073076051" clover="3.2.0">
  <project timestamp="1719073076051" name="All files">
    <metrics statements="18" coveredstatements="10" conditionals="4" coveredconditionals="2" methods="8" coveredmethods="1" elements="30" coveredelements="13" complexity="0" loc="18" ncloc="18" packages="2" files="2" classes="2"/>
    <package name="components">
      <metrics statements="17" coveredstatements="9" conditionals="4" coveredconditionals="2" methods="8" coveredmethods="1"/>
      <file name="Body.jsx" path="D:\NamasteReact\NamasteFood\src\components\Body.jsx">
        <metrics statements="17" coveredstatements="9" conditionals="4" coveredconditionals="2" methods="8" coveredmethods="1"/>
        <line num="15" count="1" type="stmt"/>
        <line num="16" count="1" type="stmt"/>
        <line num="17" count="1" type="stmt"/>
        <line num="18" count="1" type="stmt"/>
        <line num="20" count="1" type="stmt"/>
        <line num="23" count="1" type="stmt"/>
        <line num="25" count="1" type="stmt"/>
        <line num="28" count="0" type="stmt"/>
        <line num="29" count="0" type="stmt"/>
        <line num="32" count="0" type="stmt"/>
        <line num="46" count="1" type="cond" truecount="1" falsecount="1"/>
        <line num="47" count="0" type="stmt"/>
        <line num="55" count="1" type="cond" truecount="1" falsecount="1"/>
        <line num="60" count="0" type="stmt"/>
        <line num="64" count="0" type="stmt"/>
        <line num="66" count="0" type="stmt"/>
        <line num="81" count="0" type="stmt"/>
      </file>
    </package>
    <package name="utils">
      <metrics statements="1" coveredstatements="1" conditionals="0" coveredconditionals="0" methods="0" coveredmethods="0"/>
      <file name="mockData.js" path="D:\NamasteReact\NamasteFood\src\utils\mockData.js">
        <metrics statements="1" coveredstatements="1" conditionals="0" coveredconditionals="0" methods="0" coveredmethods="0"/>
        <line num="1" count="1" type="stmt"/>
      </file>
    </package>
  </project>
</coverage>
