{"D:\\NamasteReact\\NamasteFood\\src\\components\\ContactUs.jsx": {"path":"D:\\NamasteReact\\NamasteFood\\src\\components\\ContactUs.jsx","statementMap":{"0":{"start":{"line":2,"column":18},"end":{"line":20,"column":1}},"1":{"start":{"line":3,"column":4},"end":{"line":19,"column":5}}},"fnMap":{"0":{"name":"(anonymous_0)","decl":{"start":{"line":2,"column":18},"end":{"line":2,"column":19}},"loc":{"start":{"line":2,"column":22},"end":{"line":20,"column":1}},"line":2}},"branchMap":{},"s":{"0":1,"1":4},"f":{"0":4},"b":{},"_coverageSchema":"1a1c01bbd47fc00a2c39e90264f33305004495a9","hash":"e9a5eb356ca5267c9d8e1201766a96f9ba7f533a"}
,"D:\\NamasteReact\\NamasteFood\\src\\components\\sum.js": {"path":"D:\\NamasteReact\\NamasteFood\\src\\components\\sum.js","statementMap":{"0":{"start":{"line":1,"column":19},"end":{"line":3,"column":1}},"1":{"start":{"line":2,"column":4},"end":{"line":2,"column":14}}},"fnMap":{"0":{"name":"(anonymous_0)","decl":{"start":{"line":1,"column":19},"end":{"line":1,"column":20}},"loc":{"start":{"line":1,"column":26},"end":{"line":3,"column":1}},"line":1}},"branchMap":{},"s":{"0":1,"1":1},"f":{"0":1},"b":{},"_coverageSchema":"1a1c01bbd47fc00a2c39e90264f33305004495a9","hash":"25433b6aa313c6a990e81a4df77e9fc7cada6ac5"}
}
