{"D:\\NamasteReact\\NamasteFood\\src\\components\\Body.jsx": {"path":"D:\\NamasteReact\\NamasteFood\\src\\components\\Body.jsx","statementMap":{"0":{"start":{"line":15,"column":13},"end":{"line":94,"column":1}},"1":{"start":{"line":16,"column":29},"end":{"line":16,"column":41}},"2":{"start":{"line":17,"column":25},"end":{"line":17,"column":42}},"3":{"start":{"line":18,"column":59},"end":{"line":18,"column":71}},"4":{"start":{"line":20,"column":21},"end":{"line":20,"column":68}},"5":{"start":{"line":20,"column":47},"end":{"line":20,"column":67}},"6":{"start":{"line":23,"column":30},"end":{"line":23,"column":53}},"7":{"start":{"line":25,"column":25},"end":{"line":35,"column":5}},"8":{"start":{"line":28,"column":31},"end":{"line":30,"column":9}},"9":{"start":{"line":29,"column":15},"end":{"line":29,"column":73}},"10":{"start":{"line":32,"column":8},"end":{"line":32,"column":38}},"11":{"start":{"line":46,"column":4},"end":{"line":53,"column":5}},"12":{"start":{"line":47,"column":8},"end":{"line":52,"column":9}},"13":{"start":{"line":55,"column":4},"end":{"line":93,"column":5}},"14":{"start":{"line":60,"column":191},"end":{"line":60,"column":216}},"15":{"start":{"line":64,"column":111},"end":{"line":64,"column":137}},"16":{"start":{"line":66,"column":97},"end":{"line":66,"column":124}},"17":{"start":{"line":81,"column":20},"end":{"line":87,"column":27}}},"fnMap":{"0":{"name":"(anonymous_0)","decl":{"start":{"line":15,"column":13},"end":{"line":15,"column":14}},"loc":{"start":{"line":15,"column":17},"end":{"line":94,"column":1}},"line":15},"1":{"name":"(anonymous_1)","decl":{"start":{"line":20,"column":40},"end":{"line":20,"column":41}},"loc":{"start":{"line":20,"column":47},"end":{"line":20,"column":67}},"line":20},"2":{"name":"(anonymous_2)","decl":{"start":{"line":25,"column":25},"end":{"line":25,"column":26}},"loc":{"start":{"line":25,"column":29},"end":{"line":35,"column":5}},"line":25},"3":{"name":"(anonymous_3)","decl":{"start":{"line":29,"column":8},"end":{"line":29,"column":9}},"loc":{"start":{"line":29,"column":15},"end":{"line":29,"column":73}},"line":29},"4":{"name":"(anonymous_4)","decl":{"start":{"line":60,"column":185},"end":{"line":60,"column":186}},"loc":{"start":{"line":60,"column":190},"end":{"line":60,"column":217}},"line":60},"5":{"name":"(anonymous_5)","decl":{"start":{"line":64,"column":106},"end":{"line":64,"column":107}},"loc":{"start":{"line":64,"column":110},"end":{"line":64,"column":139}},"line":64},"6":{"name":"(anonymous_6)","decl":{"start":{"line":66,"column":91},"end":{"line":66,"column":92}},"loc":{"start":{"line":66,"column":96},"end":{"line":66,"column":125}},"line":66},"7":{"name":"(anonymous_7)","decl":{"start":{"line":79,"column":36},"end":{"line":79,"column":37}},"loc":{"start":{"line":81,"column":20},"end":{"line":87,"column":27}},"line":81}},"branchMap":{"0":{"loc":{"start":{"line":46,"column":4},"end":{"line":53,"column":5}},"type":"if","locations":[{"start":{"line":46,"column":4},"end":{"line":53,"column":5}},{"start":{},"end":{}}],"line":46},"1":{"loc":{"start":{"line":55,"column":12},"end":{"line":93,"column":5}},"type":"cond-expr","locations":[{"start":{"line":55,"column":32},"end":{"line":55,"column":43}},{"start":{"line":56,"column":8},"end":{"line":92,"column":14}}],"line":55}},"s":{"0":1,"1":1,"2":1,"3":1,"4":1,"5":0,"6":1,"7":1,"8":0,"9":0,"10":0,"11":1,"12":0,"13":1,"14":0,"15":0,"16":0,"17":0},"f":{"0":1,"1":0,"2":0,"3":0,"4":0,"5":0,"6":0,"7":0},"b":{"0":[0,1],"1":[1,0]},"_coverageSchema":"1a1c01bbd47fc00a2c39e90264f33305004495a9","hash":"a9db256d5ac003f6976e5fb21f72e6827126bf66"}
,"D:\\NamasteReact\\NamasteFood\\src\\utils\\mockData.js": {"path":"D:\\NamasteReact\\NamasteFood\\src\\utils\\mockData.js","statementMap":{"0":{"start":{"line":1,"column":14},"end":{"line":1714,"column":1}}},"fnMap":{},"branchMap":{},"s":{"0":1},"f":{},"b":{},"_coverageSchema":"1a1c01bbd47fc00a2c39e90264f33305004495a9","hash":"6a4e3168814778b68ea31be4319555771b0fc2aa"}
}
