TN:
SF:src\components\Body.jsx
FN:15,(anonymous_0)
FN:20,(anonymous_1)
FN:25,(anonymous_2)
FN:29,(anonymous_3)
FN:60,(anonymous_4)
FN:64,(anonymous_5)
FN:66,(anonymous_6)
FN:79,(anonymous_7)
FNF:8
FNH:1
FNDA:1,(anonymous_0)
FNDA:0,(anonymous_1)
FNDA:0,(anonymous_2)
FNDA:0,(anonymous_3)
FNDA:0,(anonymous_4)
FNDA:0,(anonymous_5)
FNDA:0,(anonymous_6)
FNDA:0,(anonymous_7)
DA:15,1
DA:16,1
DA:17,1
DA:18,1
DA:20,1
DA:23,1
DA:25,1
DA:28,0
DA:29,0
DA:32,0
DA:46,1
DA:47,0
DA:55,1
DA:60,0
DA:64,0
DA:66,0
DA:81,0
LF:17
LH:9
BRDA:46,0,0,0
BRDA:46,0,1,1
BRDA:55,1,0,1
BRDA:55,1,1,0
BRF:4
BRH:2
end_of_record
TN:
SF:src\utils\mockData.js
FNF:0
FNH:0
DA:1,1
LF:1
LH:1
BRF:0
BRH:0
end_of_record
